Using pre-set license
Built from '2021.3/staging' branch; Version is '2021.3.4f1 (cb45f9cae8b7) revision 13321721'; Using compiler version '192829333'; Build Type 'Release'
OS: 'Windows 10  (10.0.17763) 64bit EnterpriseS' Language: 'uk' Physical Memory: 7934 MB
BatchMode: 1, IsHumanControllingUs: 0, StartBugReporterOnCrash: 0, Is64bit: 1, IsPro: 1

COMMAND LINE ARGUMENTS:
C:\Program Files\Unity\Hub\Editor\2021.3.4f1\Editor\Unity.exe
-adb2
-batchMode
-noUpm
-name
AssetImportWorker0
-projectPath
D:/Unity/2D_Game
-logFile
Logs/AssetImportWorker0.log
-srvPort
5154
Successfully changed project path to: D:/Unity/2D_Game
D:/Unity/2D_Game
[UnityMemory] Configuration Parameters - Can be set up in boot.config
    "memorysetup-bucket-allocator-granularity=16"
    "memorysetup-bucket-allocator-bucket-count=8"
    "memorysetup-bucket-allocator-block-size=33554432"
    "memorysetup-bucket-allocator-block-count=8"
    "memorysetup-main-allocator-block-size=16777216"
    "memorysetup-thread-allocator-block-size=16777216"
    "memorysetup-gfx-main-allocator-block-size=16777216"
    "memorysetup-gfx-thread-allocator-block-size=16777216"
    "memorysetup-cache-allocator-block-size=4194304"
    "memorysetup-typetree-allocator-block-size=2097152"
    "memorysetup-profiler-bucket-allocator-granularity=16"
    "memorysetup-profiler-bucket-allocator-bucket-count=8"
    "memorysetup-profiler-bucket-allocator-block-size=33554432"
    "memorysetup-profiler-bucket-allocator-block-count=8"
    "memorysetup-profiler-allocator-block-size=16777216"
    "memorysetup-profiler-editor-allocator-block-size=1048576"
    "memorysetup-temp-allocator-size-main=16777216"
    "memorysetup-job-temp-allocator-block-size=2097152"
    "memorysetup-job-temp-allocator-block-size-background=1048576"
    "memorysetup-job-temp-allocator-reduction-small-platforms=262144"
    "memorysetup-temp-allocator-size-background-worker=32768"
    "memorysetup-temp-allocator-size-job-worker=262144"
    "memorysetup-temp-allocator-size-preload-manager=33554432"
    "memorysetup-temp-allocator-size-nav-mesh-worker=65536"
    "memorysetup-temp-allocator-size-audio-worker=65536"
    "memorysetup-temp-allocator-size-cloud-worker=32768"
    "memorysetup-temp-allocator-size-gi-baking-worker=262144"
    "memorysetup-temp-allocator-size-gfx=262144"
Refreshing native plugins compatible for Editor in 392.18 ms, found 4 plugins.
Preloading 0 native plugins for Editor in 0.00 ms.
Initialize engine version: 2021.3.4f1 (cb45f9cae8b7)
[Subsystems] Discovering subsystems at path C:/Program Files/Unity/Hub/Editor/2021.3.4f1/Editor/Data/Resources/UnitySubsystems
[Subsystems] Discovering subsystems at path D:/Unity/2D_Game/Assets
GfxDevice: creating device client; threaded=0; jobified=0
Direct3D:
    Version:  Direct3D 11.0 [level 10.1]
    Renderer: ATI Mobility Radeon 4100 (ID=0x9713)
    Vendor:   ATI
    VRAM:     252 MB
    Driver:   8.970.100.9001
Initialize mono
Mono path[0] = 'C:/Program Files/Unity/Hub/Editor/2021.3.4f1/Editor/Data/Managed'
Mono path[1] = 'C:/Program Files/Unity/Hub/Editor/2021.3.4f1/Editor/Data/MonoBleedingEdge/lib/mono/unityjit-win32'
Mono config path = 'C:/Program Files/Unity/Hub/Editor/2021.3.4f1/Editor/Data/MonoBleedingEdge/etc'
Using monoOptions --debugger-agent=transport=dt_socket,embedding=1,server=y,suspend=n,address=127.0.0.1:56360
Begin MonoManager ReloadAssembly
Registering precompiled unity dll's ...
Register platform support module: C:/Program Files/Unity/Hub/Editor/2021.3.4f1/Editor/Data/PlaybackEngines/WebGLSupport/UnityEditor.WebGL.Extensions.dll
Register platform support module: C:/Program Files/Unity/Hub/Editor/2021.3.4f1/Editor/Data/PlaybackEngines/WindowsStandaloneSupport/UnityEditor.WindowsStandalone.Extensions.dll
Registered in 0.015828 seconds.
Native extension for WindowsStandalone target not found
Native extension for WebGL target not found
Refreshing native plugins compatible for Editor in 376.20 ms, found 4 plugins.
Preloading 0 native plugins for Editor in 0.00 ms.
Mono: successfully reloaded assembly
- Completed reload, in  2.483 seconds
Domain Reload Profiling:
	ReloadAssembly (2485ms)
		BeginReloadAssembly (253ms)
			ExecutionOrderSort (0ms)
			DisableScriptedObjects (0ms)
			BackupInstance (0ms)
			ReleaseScriptingObjects (0ms)
			CreateAndSetChildDomain (2ms)
		EndReloadAssembly (1810ms)
			LoadAssemblies (249ms)
			RebuildTransferFunctionScriptingTraits (0ms)
			SetupTypeCache (377ms)
			ReleaseScriptCaches (0ms)
			RebuildScriptCaches (111ms)
			SetupLoadedEditorAssemblies (1134ms)
				LogAssemblyErrors (0ms)
				InitializePlatformSupportModulesInManaged (36ms)
				SetLoadedEditorAssemblies (1ms)
				RefreshPlugins (376ms)
				BeforeProcessingInitializeOnLoad (4ms)
				ProcessInitializeOnLoadAttributes (542ms)
				ProcessInitializeOnLoadMethodAttributes (174ms)
				AfterProcessingInitializeOnLoad (0ms)
				EditorAssembliesLoaded (0ms)
			ExecutionOrderSort2 (0ms)
			AwakeInstancesAfterBackupRestoration (0ms)
Platform modules already initialized, skipping
Registering precompiled user dll's ...
Registered in 0.015352 seconds.
Begin MonoManager ReloadAssembly
Symbol file LoadedFromMemory doesn't match image D:\Unity\2D_Game\Library\PackageCache\com.unity.visualscripting@1.7.8\Editor\VisualScripting.Core\Dependencies\YamlDotNet\Unity.VisualScripting.YamlDotNet.dll
Symbol file LoadedFromMemory doesn't match image D:\Unity\2D_Game\Library\PackageCache\com.unity.visualscripting@1.7.8\Editor\VisualScripting.Core\Dependencies\DotNetZip\Unity.VisualScripting.IonicZip.dll
Native extension for WindowsStandalone target not found
Native extension for WebGL target not found
Refreshing native plugins compatible for Editor in 360.24 ms, found 4 plugins.
Preloading 0 native plugins for Editor in 0.00 ms.
Mono: successfully reloaded assembly
- Completed reload, in  5.180 seconds
Domain Reload Profiling:
	ReloadAssembly (5183ms)
		BeginReloadAssembly (394ms)
			ExecutionOrderSort (0ms)
			DisableScriptedObjects (22ms)
			BackupInstance (0ms)
			ReleaseScriptingObjects (0ms)
			CreateAndSetChildDomain (55ms)
		EndReloadAssembly (4363ms)
			LoadAssemblies (395ms)
			RebuildTransferFunctionScriptingTraits (0ms)
			SetupTypeCache (1071ms)
			ReleaseScriptCaches (2ms)
			RebuildScriptCaches (345ms)
			SetupLoadedEditorAssemblies (2388ms)
				LogAssemblyErrors (0ms)
				InitializePlatformSupportModulesInManaged (18ms)
				SetLoadedEditorAssemblies (1ms)
				RefreshPlugins (360ms)
				BeforeProcessingInitializeOnLoad (327ms)
				ProcessInitializeOnLoadAttributes (1495ms)
				ProcessInitializeOnLoadMethodAttributes (165ms)
				AfterProcessingInitializeOnLoad (20ms)
				EditorAssembliesLoaded (1ms)
			ExecutionOrderSort2 (0ms)
			AwakeInstancesAfterBackupRestoration (19ms)
Platform modules already initialized, skipping
========================================================================
Worker process is ready to serve import requests
Launched and connected shader compiler UnityShaderCompiler.exe after 0.10 seconds
Refreshing native plugins compatible for Editor in 3.03 ms, found 4 plugins.
Preloading 0 native plugins for Editor in 0.00 ms.
Unloading 4611 Unused Serialized files (Serialized files now loaded: 0)
Unloading 56 unused Assets / (142.1 KB). Loaded Objects now: 5065.
Memory consumption went from 173.7 MB to 173.6 MB.
Total: 16.322400 ms (FindLiveObjects: 1.386400 ms CreateObjectMapping: 1.100100 ms MarkObjects: 13.551400 ms  DeleteObjects: 0.281000 ms)

AssetImportParameters requested are different than current active one (requested -> active):
  custom:video-decoder-ogg-theora: a1e56fd34408186e4bbccfd4996cb3dc -> 
  custom:container-muxer-webm: aa71ff27fc2769a1b78a27578f13a17b -> 
  custom:container-demuxer-webm: 4f35f7cbe854078d1ac9338744f61a02 -> 
  custom:video-encoder-webm-vp8: eb34c28f22e8b96e1ab97ce403110664 -> 
  custom:audio-encoder-webm-vorbis: bf7c407c2cedff20999df2af8eb42d56 -> 
  custom:framework-win-MediaFoundation: 216162199b28c13a410421893ffa2e32 -> 
  custom:container-demuxer-ogg: 62fdf1f143b41e24485cea50d1cbac27 -> 
  custom:video-decoder-webm-vp8: 9c59270c3fd7afecdb556c50c9e8de78 -> 
  custom:audio-decoder-ogg-vorbis: bf7c407c2cedff20999df2af8eb42d56 -> 
========================================================================
Received Import Request.
  Time since last request: 4783.192684 seconds.
  path: Assets/Platformer Tileset/Props/Collectibles/Collectibles_60.png
  artifactKey: Guid(d43e3e26180a5fc4d810e29725da0a49) Importer(815301076,1909f56bfc062723c751e8b465ee728b)
Start importing Assets/Platformer Tileset/Props/Collectibles/Collectibles_60.png using Guid(d43e3e26180a5fc4d810e29725da0a49) Importer(815301076,1909f56bfc062723c751e8b465ee728b)  -> (artifact id: 'e11345befdd47b4ad5530fc3e939580e') in 0.342856 seconds 
========================================================================
Received Import Request.
  Time since last request: 0.000305 seconds.
  path: Assets/Platformer Tileset/Props/Collectibles/Collectibles_01.png
  artifactKey: Guid(b3ba3356d42b2094dbe101977ccc8bba) Importer(815301076,1909f56bfc062723c751e8b465ee728b)
Start importing Assets/Platformer Tileset/Props/Collectibles/Collectibles_01.png using Guid(b3ba3356d42b2094dbe101977ccc8bba) Importer(815301076,1909f56bfc062723c751e8b465ee728b)  -> (artifact id: 'ebb9f2411a401d3c0f7012536a0722be') in 0.041670 seconds 
========================================================================
Received Import Request.
  Time since last request: 0.000645 seconds.
  path: Assets/Platformer Tileset/Props/Collectibles/Collectibles_42.png
  artifactKey: Guid(926d889bdbe75944cb589a9a2f891fa1) Importer(815301076,1909f56bfc062723c751e8b465ee728b)
Start importing Assets/Platformer Tileset/Props/Collectibles/Collectibles_42.png using Guid(926d889bdbe75944cb589a9a2f891fa1) Importer(815301076,1909f56bfc062723c751e8b465ee728b)  -> (artifact id: '30007f901b470870de9c011e2dbde733') in 0.101025 seconds 
========================================================================
Received Import Request.
  Time since last request: 0.000944 seconds.
  path: Assets/Platformer Tileset/Props/Collectibles/Collectibles_61.png
  artifactKey: Guid(87277a2ebda67b34c871b449ebf1e488) Importer(815301076,1909f56bfc062723c751e8b465ee728b)
Start importing Assets/Platformer Tileset/Props/Collectibles/Collectibles_61.png using Guid(87277a2ebda67b34c871b449ebf1e488) Importer(815301076,1909f56bfc062723c751e8b465ee728b)  -> (artifact id: '22ece5bd9d86b57db5b32e104bb52e4b') in 0.110650 seconds 
========================================================================
Received Import Request.
  Time since last request: 0.000066 seconds.
  path: Assets/Platformer Tileset/Props/Collectibles/Collectibles_57.png
  artifactKey: Guid(40203d563511c67428f3b536aa74144d) Importer(815301076,1909f56bfc062723c751e8b465ee728b)
Start importing Assets/Platformer Tileset/Props/Collectibles/Collectibles_57.png using Guid(40203d563511c67428f3b536aa74144d) Importer(815301076,1909f56bfc062723c751e8b465ee728b)  -> (artifact id: 'b83e9793a173fa1c5321794bef10db91') in 0.070226 seconds 
========================================================================
Received Import Request.
  Time since last request: 0.000080 seconds.
  path: Assets/Platformer Tileset/Props/Collectibles/Collectibles_22.png
  artifactKey: Guid(b874cde147ae35342893a0a953ce6c99) Importer(815301076,1909f56bfc062723c751e8b465ee728b)
Start importing Assets/Platformer Tileset/Props/Collectibles/Collectibles_22.png using Guid(b874cde147ae35342893a0a953ce6c99) Importer(815301076,1909f56bfc062723c751e8b465ee728b)  -> (artifact id: '3abef7aeb190735fa413ad8f7945c5ef') in 0.054646 seconds 
========================================================================
Received Import Request.
  Time since last request: 0.000431 seconds.
  path: Assets/Platformer Tileset/Props/Crates/Crates_26.png
  artifactKey: Guid(70816e8d5ab18044fb359d0e98981498) Importer(815301076,1909f56bfc062723c751e8b465ee728b)
Start importing Assets/Platformer Tileset/Props/Crates/Crates_26.png using Guid(70816e8d5ab18044fb359d0e98981498) Importer(815301076,1909f56bfc062723c751e8b465ee728b)  -> (artifact id: '141f2d88d5633e0d6e299dad3f8e298d') in 0.044681 seconds 
========================================================================
Received Import Request.
  Time since last request: 0.000067 seconds.
  path: Assets/Platformer Tileset/Props/Collectibles/Collectibles_55.png
  artifactKey: Guid(77369888f940151448776a94a349a5c4) Importer(815301076,1909f56bfc062723c751e8b465ee728b)
Start importing Assets/Platformer Tileset/Props/Collectibles/Collectibles_55.png using Guid(77369888f940151448776a94a349a5c4) Importer(815301076,1909f56bfc062723c751e8b465ee728b)  -> (artifact id: '1cfdb290fffc12e6be202d603071ab90') in 0.036322 seconds 
========================================================================
Received Import Request.
  Time since last request: 0.000107 seconds.
  path: Assets/Platformer Tileset/Props/Collectibles/Collectibles_56.png
  artifactKey: Guid(10c1ebf617a774949a4acd4bdb0fcdf0) Importer(815301076,1909f56bfc062723c751e8b465ee728b)
Start importing Assets/Platformer Tileset/Props/Collectibles/Collectibles_56.png using Guid(10c1ebf617a774949a4acd4bdb0fcdf0) Importer(815301076,1909f56bfc062723c751e8b465ee728b)  -> (artifact id: '5e1bc9e6cb0d1dbd0a5bc20e5a527952') in 0.035272 seconds 
========================================================================
Received Import Request.
  Time since last request: 0.000080 seconds.
  path: Assets/Platformer Tileset/Props/Rocks/Rocks_07.png
  artifactKey: Guid(5fe918e95243de54dbebdbb95ff7e084) Importer(815301076,1909f56bfc062723c751e8b465ee728b)
Start importing Assets/Platformer Tileset/Props/Rocks/Rocks_07.png using Guid(5fe918e95243de54dbebdbb95ff7e084) Importer(815301076,1909f56bfc062723c751e8b465ee728b)  -> (artifact id: '3037791f23b4d58c77cbec640d440d2e') in 0.070531 seconds 
========================================================================
Received Import Request.
  Time since last request: 0.000057 seconds.
  path: Assets/Platformer Tileset/Props/Crates/Crates_17.png
  artifactKey: Guid(cc7df09c6004f8b488c0d005484ba4d7) Importer(815301076,1909f56bfc062723c751e8b465ee728b)
Start importing Assets/Platformer Tileset/Props/Crates/Crates_17.png using Guid(cc7df09c6004f8b488c0d005484ba4d7) Importer(815301076,1909f56bfc062723c751e8b465ee728b)  -> (artifact id: '2a04aabb8eb34dae65574bddf57a4ef4') in 0.052318 seconds 
========================================================================
Received Import Request.
  Time since last request: 0.000107 seconds.
  path: Assets/Platformer Tileset/Props/Collectibles/Collectibles_77.png
  artifactKey: Guid(aa0c562cb0dd86846b12af6d31a84742) Importer(815301076,1909f56bfc062723c751e8b465ee728b)
Start importing Assets/Platformer Tileset/Props/Collectibles/Collectibles_77.png using Guid(aa0c562cb0dd86846b12af6d31a84742) Importer(815301076,1909f56bfc062723c751e8b465ee728b)  -> (artifact id: '5735eb23ce324806329a4450c39f4f5b') in 0.038125 seconds 
========================================================================
Received Import Request.
  Time since last request: 0.000063 seconds.
  path: Assets/Platformer Tileset/Props/Rocks/Rocks_06.png
  artifactKey: Guid(093f9936a9c28bc4187d18d8863a05d2) Importer(815301076,1909f56bfc062723c751e8b465ee728b)
Start importing Assets/Platformer Tileset/Props/Rocks/Rocks_06.png using Guid(093f9936a9c28bc4187d18d8863a05d2) Importer(815301076,1909f56bfc062723c751e8b465ee728b)  -> (artifact id: '85b4a9131645a418161021af641a9a81') in 0.059892 seconds 
========================================================================
Received Import Request.
  Time since last request: 0.000415 seconds.
  path: Assets/Platformer Tileset/Props/Crates/Crates_15.png
  artifactKey: Guid(3d93b8316f6d192438cc17e5c8b223a0) Importer(815301076,1909f56bfc062723c751e8b465ee728b)
Start importing Assets/Platformer Tileset/Props/Crates/Crates_15.png using Guid(3d93b8316f6d192438cc17e5c8b223a0) Importer(815301076,1909f56bfc062723c751e8b465ee728b)  -> (artifact id: '42aa2b278305795ac179bea5db4f20be') in 0.051621 seconds 
========================================================================
Received Import Request.
  Time since last request: 0.000330 seconds.
  path: Assets/Platformer Tileset/Props/Crates/Crates_16.png
  artifactKey: Guid(f74691a0dd9ec8240b021a0cf4cbc354) Importer(815301076,1909f56bfc062723c751e8b465ee728b)
Start importing Assets/Platformer Tileset/Props/Crates/Crates_16.png using Guid(f74691a0dd9ec8240b021a0cf4cbc354) Importer(815301076,1909f56bfc062723c751e8b465ee728b)  -> (artifact id: 'eccd0f1e4028d3c50bbaa91665a98c7b') in 0.042081 seconds 
========================================================================
Received Import Request.
  Time since last request: 0.000062 seconds.
  path: Assets/Platformer Tileset/Props/Crates/Crates_02.png
  artifactKey: Guid(e4c2b250f3c4e5f47b20c0107c5c16c0) Importer(815301076,1909f56bfc062723c751e8b465ee728b)
Start importing Assets/Platformer Tileset/Props/Crates/Crates_02.png using Guid(e4c2b250f3c4e5f47b20c0107c5c16c0) Importer(815301076,1909f56bfc062723c751e8b465ee728b)  -> (artifact id: '07b9f8bc4944a5ab30f7bd060fe64c7e') in 0.047182 seconds 
========================================================================
Received Import Request.
  Time since last request: 0.001358 seconds.
  path: Assets/Platformer Tileset/Props/Collectibles/Collectibles_75.png
  artifactKey: Guid(5cbaab86f52c66746ba0047c04f7db4f) Importer(815301076,1909f56bfc062723c751e8b465ee728b)
Start importing Assets/Platformer Tileset/Props/Collectibles/Collectibles_75.png using Guid(5cbaab86f52c66746ba0047c04f7db4f) Importer(815301076,1909f56bfc062723c751e8b465ee728b)  -> (artifact id: 'b2f087dea81a4466ee47b2171d633785') in 0.049371 seconds 
========================================================================
Received Import Request.
  Time since last request: 0.000085 seconds.
  path: Assets/Scripts/PlayerControls.inputactions
  artifactKey: Guid(461a8ebe81d82824bb677b5bb319b2df) Importer(815301076,1909f56bfc062723c751e8b465ee728b)
Start importing Assets/Scripts/PlayerControls.inputactions using Guid(461a8ebe81d82824bb677b5bb319b2df) Importer(815301076,1909f56bfc062723c751e8b465ee728b)  -> (artifact id: '1660ed52f512ca981c2d4c5dc9316d96') in 0.035419 seconds 
========================================================================
Received Import Request.
  Time since last request: 48.031495 seconds.
  path: Assets/Firewatch-Wallpaper-Wallpaper-From-The-Game-Purple.jpg
  artifactKey: Guid(a3bc5bebb98667a4dac1a9458d7535a1) Importer(815301076,1909f56bfc062723c751e8b465ee728b)
Start importing Assets/Firewatch-Wallpaper-Wallpaper-From-The-Game-Purple.jpg using Guid(a3bc5bebb98667a4dac1a9458d7535a1) Importer(815301076,1909f56bfc062723c751e8b465ee728b)  -> (artifact id: '42c72d8e4b2662610c08a0e2c4d5e74f') in 0.618366 seconds 
========================================================================
Received Import Request.
  Time since last request: 0.000075 seconds.
  path: Assets/nastya-friday-game-background-2.jpg
  artifactKey: Guid(5760852250832974b8b55bd245e3d3ac) Importer(815301076,1909f56bfc062723c751e8b465ee728b)
Start importing Assets/nastya-friday-game-background-2.jpg using Guid(5760852250832974b8b55bd245e3d3ac) Importer(815301076,1909f56bfc062723c751e8b465ee728b)  -> (artifact id: 'a2c0bf32d72756392e185c2d0186ced8') in 0.421146 seconds 
========================================================================
Received Import Request.
  Time since last request: 0.000075 seconds.
  path: Assets/wallpapersden.com_minimalist-landscape-painting_1920x1080.jpg
  artifactKey: Guid(3102d5118f8f2944c8820b57402cd89e) Importer(815301076,1909f56bfc062723c751e8b465ee728b)
Start importing Assets/wallpapersden.com_minimalist-landscape-painting_1920x1080.jpg using Guid(3102d5118f8f2944c8820b57402cd89e) Importer(815301076,1909f56bfc062723c751e8b465ee728b)  -> (artifact id: 'd211ded5024b47d9d83a7a904f8b4b45') in 0.353403 seconds 
========================================================================
Received Import Request.
  Time since last request: 0.000074 seconds.
  path: Assets/Scripts
  artifactKey: Guid(fc84909e6fddadd48b02cb3d5d245b63) Importer(815301076,1909f56bfc062723c751e8b465ee728b)
Start importing Assets/Scripts using Guid(fc84909e6fddadd48b02cb3d5d245b63) Importer(815301076,1909f56bfc062723c751e8b465ee728b)  -> (artifact id: '96c985982c5f095b9a337a8f8babde63') in 0.003482 seconds 
========================================================================
Received Prepare
Registering precompiled user dll's ...
Registered in 0.011037 seconds.
Begin MonoManager ReloadAssembly
Symbol file LoadedFromMemory doesn't match image D:\Unity\2D_Game\Library\PackageCache\com.unity.visualscripting@1.7.8\Editor\VisualScripting.Core\Dependencies\YamlDotNet\Unity.VisualScripting.YamlDotNet.dll
Symbol file LoadedFromMemory doesn't match image D:\Unity\2D_Game\Library\PackageCache\com.unity.visualscripting@1.7.8\Editor\VisualScripting.Core\Dependencies\DotNetZip\Unity.VisualScripting.IonicZip.dll
Native extension for WindowsStandalone target not found
Native extension for WebGL target not found
Refreshing native plugins compatible for Editor in 4.07 ms, found 4 plugins.
Preloading 0 native plugins for Editor in 0.00 ms.
Mono: successfully reloaded assembly
- Completed reload, in  8.007 seconds
Domain Reload Profiling:
	ReloadAssembly (8016ms)
		BeginReloadAssembly (647ms)
			ExecutionOrderSort (0ms)
			DisableScriptedObjects (21ms)
			BackupInstance (0ms)
			ReleaseScriptingObjects (0ms)
			CreateAndSetChildDomain (196ms)
		EndReloadAssembly (6704ms)
			LoadAssemblies (534ms)
			RebuildTransferFunctionScriptingTraits (0ms)
			SetupTypeCache (1804ms)
			ReleaseScriptCaches (10ms)
			RebuildScriptCaches (400ms)
			SetupLoadedEditorAssemblies (3322ms)
				LogAssemblyErrors (0ms)
				InitializePlatformSupportModulesInManaged (123ms)
				SetLoadedEditorAssemblies (2ms)
				RefreshPlugins (4ms)
				BeforeProcessingInitializeOnLoad (509ms)
				ProcessInitializeOnLoadAttributes (2365ms)
				ProcessInitializeOnLoadMethodAttributes (281ms)
				AfterProcessingInitializeOnLoad (36ms)
				EditorAssembliesLoaded (1ms)
			ExecutionOrderSort2 (0ms)
			AwakeInstancesAfterBackupRestoration (56ms)
Platform modules already initialized, skipping
Refreshing native plugins compatible for Editor in 8.20 ms, found 4 plugins.
Preloading 0 native plugins for Editor in 0.00 ms.
Unloading 4585 Unused Serialized files (Serialized files now loaded: 0)
Unloading 29 unused Assets / (109.4 KB). Loaded Objects now: 5127.
Memory consumption went from 175.9 MB to 175.8 MB.
Total: 13.983300 ms (FindLiveObjects: 1.299100 ms CreateObjectMapping: 0.820800 ms MarkObjects: 11.667000 ms  DeleteObjects: 0.192600 ms)

AssetImportParameters requested are different than current active one (requested -> active):
  custom:video-decoder-ogg-theora: a1e56fd34408186e4bbccfd4996cb3dc -> 
  custom:container-muxer-webm: aa71ff27fc2769a1b78a27578f13a17b -> 
  custom:container-demuxer-webm: 4f35f7cbe854078d1ac9338744f61a02 -> 
  custom:video-encoder-webm-vp8: eb34c28f22e8b96e1ab97ce403110664 -> 
  custom:audio-encoder-webm-vorbis: bf7c407c2cedff20999df2af8eb42d56 -> 
  custom:framework-win-MediaFoundation: 216162199b28c13a410421893ffa2e32 -> 
  custom:container-demuxer-ogg: 62fdf1f143b41e24485cea50d1cbac27 -> 
  custom:video-decoder-webm-vp8: 9c59270c3fd7afecdb556c50c9e8de78 -> 
  custom:audio-decoder-ogg-vorbis: bf7c407c2cedff20999df2af8eb42d56 -> 
========================================================================
Received Import Request.
  Time since last request: 58.224675 seconds.
  path: Assets/Scenes
  artifactKey: Guid(131a6b21c8605f84396be9f6751fb6e3) Importer(815301076,1909f56bfc062723c751e8b465ee728b)
Start importing Assets/Scenes using Guid(131a6b21c8605f84396be9f6751fb6e3) Importer(815301076,1909f56bfc062723c751e8b465ee728b)  -> (artifact id: '2c23e514d24f6b65fe96946cd87fc526') in 0.046817 seconds 
========================================================================
Received Import Request.
  Time since last request: 0.974269 seconds.
  path: Assets/Scenes/Level1.unity
  artifactKey: Guid(c141d24673958bb44b780d361745cca7) Importer(815301076,1909f56bfc062723c751e8b465ee728b)
Start importing Assets/Scenes/Level1.unity using Guid(c141d24673958bb44b780d361745cca7) Importer(815301076,1909f56bfc062723c751e8b465ee728b)  -> (artifact id: '9397c32a855392375e2cd0b2724f2b40') in 0.004480 seconds 
========================================================================
Received Prepare
Registering precompiled user dll's ...
Registered in 0.013298 seconds.
Begin MonoManager ReloadAssembly
Symbol file LoadedFromMemory doesn't match image D:\Unity\2D_Game\Library\PackageCache\com.unity.visualscripting@1.7.8\Editor\VisualScripting.Core\Dependencies\YamlDotNet\Unity.VisualScripting.YamlDotNet.dll
Symbol file LoadedFromMemory doesn't match image D:\Unity\2D_Game\Library\PackageCache\com.unity.visualscripting@1.7.8\Editor\VisualScripting.Core\Dependencies\DotNetZip\Unity.VisualScripting.IonicZip.dll
Native extension for WindowsStandalone target not found
Native extension for WebGL target not found
Refreshing native plugins compatible for Editor in 3.12 ms, found 4 plugins.
Preloading 0 native plugins for Editor in 0.00 ms.
Mono: successfully reloaded assembly
- Completed reload, in  9.250 seconds
Domain Reload Profiling:
	ReloadAssembly (9260ms)
		BeginReloadAssembly (1015ms)
			ExecutionOrderSort (0ms)
			DisableScriptedObjects (40ms)
			BackupInstance (0ms)
			ReleaseScriptingObjects (0ms)
			CreateAndSetChildDomain (288ms)
		EndReloadAssembly (7559ms)
			LoadAssemblies (793ms)
			RebuildTransferFunctionScriptingTraits (0ms)
			SetupTypeCache (1934ms)
			ReleaseScriptCaches (5ms)
			RebuildScriptCaches (466ms)
			SetupLoadedEditorAssemblies (3598ms)
				LogAssemblyErrors (0ms)
				InitializePlatformSupportModulesInManaged (162ms)
				SetLoadedEditorAssemblies (6ms)
				RefreshPlugins (3ms)
				BeforeProcessingInitializeOnLoad (482ms)
				ProcessInitializeOnLoadAttributes (2517ms)
				ProcessInitializeOnLoadMethodAttributes (381ms)
				AfterProcessingInitializeOnLoad (46ms)
				EditorAssembliesLoaded (2ms)
			ExecutionOrderSort2 (0ms)
			AwakeInstancesAfterBackupRestoration (387ms)
Platform modules already initialized, skipping
Refreshing native plugins compatible for Editor in 27.71 ms, found 4 plugins.
Preloading 0 native plugins for Editor in 0.00 ms.
Unloading 4585 Unused Serialized files (Serialized files now loaded: 0)
Unloading 29 unused Assets / (109.5 KB). Loaded Objects now: 5142.
Memory consumption went from 175.9 MB to 175.8 MB.
Total: 48.121700 ms (FindLiveObjects: 1.217300 ms CreateObjectMapping: 0.840900 ms MarkObjects: 45.802800 ms  DeleteObjects: 0.256400 ms)

AssetImportParameters requested are different than current active one (requested -> active):
  custom:video-decoder-ogg-theora: a1e56fd34408186e4bbccfd4996cb3dc -> 
  custom:container-muxer-webm: aa71ff27fc2769a1b78a27578f13a17b -> 
  custom:container-demuxer-webm: 4f35f7cbe854078d1ac9338744f61a02 -> 
  custom:video-encoder-webm-vp8: eb34c28f22e8b96e1ab97ce403110664 -> 
  custom:audio-encoder-webm-vorbis: bf7c407c2cedff20999df2af8eb42d56 -> 
  custom:framework-win-MediaFoundation: 216162199b28c13a410421893ffa2e32 -> 
  custom:container-demuxer-ogg: 62fdf1f143b41e24485cea50d1cbac27 -> 
  custom:video-decoder-webm-vp8: 9c59270c3fd7afecdb556c50c9e8de78 -> 
  custom:audio-decoder-ogg-vorbis: bf7c407c2cedff20999df2af8eb42d56 -> 
========================================================================
Received Import Request.
  Time since last request: 45.352124 seconds.
  path: Assets/Scenes/Level2.unity
  artifactKey: Guid(2cda990e2423bbf4892e6590ba056729) Importer(815301076,1909f56bfc062723c751e8b465ee728b)
Start importing Assets/Scenes/Level2.unity using Guid(2cda990e2423bbf4892e6590ba056729) Importer(815301076,1909f56bfc062723c751e8b465ee728b)  -> (artifact id: 'd89e568bbb69ee673330e16a9432ef21') in 0.042860 seconds 
