Using pre-set license
Built from '2021.3/staging' branch; Version is '2021.3.4f1 (cb45f9cae8b7) revision 13321721'; Using compiler version '192829333'; Build Type 'Release'
OS: 'Windows 10  (10.0.17763) 64bit EnterpriseS' Language: 'uk' Physical Memory: 7934 MB
BatchMode: 1, IsHumanControllingUs: 0, StartBugReporterOnCrash: 0, Is64bit: 1, IsPro: 1

COMMAND LINE ARGUMENTS:
C:\Program Files\Unity\Hub\Editor\2021.3.4f1\Editor\Unity.exe
-adb2
-batchMode
-noUpm
-name
AssetImportWorker0
-projectPath
D:/Unity/Adventure
-logFile
Logs/AssetImportWorker0.log
-srvPort
7283
Successfully changed project path to: D:/Unity/Adventure
D:/Unity/Adventure
[UnityMemory] Configuration Parameters - Can be set up in boot.config
    "memorysetup-bucket-allocator-granularity=16"
    "memorysetup-bucket-allocator-bucket-count=8"
    "memorysetup-bucket-allocator-block-size=33554432"
    "memorysetup-bucket-allocator-block-count=8"
    "memorysetup-main-allocator-block-size=16777216"
    "memorysetup-thread-allocator-block-size=16777216"
    "memorysetup-gfx-main-allocator-block-size=16777216"
    "memorysetup-gfx-thread-allocator-block-size=16777216"
    "memorysetup-cache-allocator-block-size=4194304"
    "memorysetup-typetree-allocator-block-size=2097152"
    "memorysetup-profiler-bucket-allocator-granularity=16"
    "memorysetup-profiler-bucket-allocator-bucket-count=8"
    "memorysetup-profiler-bucket-allocator-block-size=33554432"
    "memorysetup-profiler-bucket-allocator-block-count=8"
    "memorysetup-profiler-allocator-block-size=16777216"
    "memorysetup-profiler-editor-allocator-block-size=1048576"
    "memorysetup-temp-allocator-size-main=16777216"
    "memorysetup-job-temp-allocator-block-size=2097152"
    "memorysetup-job-temp-allocator-block-size-background=1048576"
    "memorysetup-job-temp-allocator-reduction-small-platforms=262144"
    "memorysetup-temp-allocator-size-background-worker=32768"
    "memorysetup-temp-allocator-size-job-worker=262144"
    "memorysetup-temp-allocator-size-preload-manager=33554432"
    "memorysetup-temp-allocator-size-nav-mesh-worker=65536"
    "memorysetup-temp-allocator-size-audio-worker=65536"
    "memorysetup-temp-allocator-size-cloud-worker=32768"
    "memorysetup-temp-allocator-size-gi-baking-worker=262144"
    "memorysetup-temp-allocator-size-gfx=262144"
Refreshing native plugins compatible for Editor in 368.76 ms, found 3 plugins.
Preloading 0 native plugins for Editor in 0.00 ms.
Initialize engine version: 2021.3.4f1 (cb45f9cae8b7)
[Subsystems] Discovering subsystems at path C:/Program Files/Unity/Hub/Editor/2021.3.4f1/Editor/Data/Resources/UnitySubsystems
[Subsystems] Discovering subsystems at path D:/Unity/Adventure/Assets
GfxDevice: creating device client; threaded=0; jobified=0
Direct3D:
    Version:  Direct3D 11.0 [level 10.1]
    Renderer: ATI Mobility Radeon 4100 (ID=0x9713)
    Vendor:   ATI
    VRAM:     252 MB
    Driver:   8.970.100.9001
Initialize mono
Mono path[0] = 'C:/Program Files/Unity/Hub/Editor/2021.3.4f1/Editor/Data/Managed'
Mono path[1] = 'C:/Program Files/Unity/Hub/Editor/2021.3.4f1/Editor/Data/MonoBleedingEdge/lib/mono/unityjit-win32'
Mono config path = 'C:/Program Files/Unity/Hub/Editor/2021.3.4f1/Editor/Data/MonoBleedingEdge/etc'
Using monoOptions --debugger-agent=transport=dt_socket,embedding=1,server=y,suspend=n,address=127.0.0.1:56964
Begin MonoManager ReloadAssembly
Registering precompiled unity dll's ...
Register platform support module: C:/Program Files/Unity/Hub/Editor/2021.3.4f1/Editor/Data/PlaybackEngines/WebGLSupport/UnityEditor.WebGL.Extensions.dll
Register platform support module: C:/Program Files/Unity/Hub/Editor/2021.3.4f1/Editor/Data/PlaybackEngines/WindowsStandaloneSupport/UnityEditor.WindowsStandalone.Extensions.dll
Registered in 0.035994 seconds.
Native extension for WindowsStandalone target not found
Native extension for WebGL target not found
Refreshing native plugins compatible for Editor in 344.60 ms, found 3 plugins.
Preloading 0 native plugins for Editor in 0.00 ms.
Mono: successfully reloaded assembly
- Completed reload, in  3.198 seconds
Domain Reload Profiling:
	ReloadAssembly (3199ms)
		BeginReloadAssembly (401ms)
			ExecutionOrderSort (0ms)
			DisableScriptedObjects (0ms)
			BackupInstance (0ms)
			ReleaseScriptingObjects (0ms)
			CreateAndSetChildDomain (4ms)
		EndReloadAssembly (2272ms)
			LoadAssemblies (394ms)
			RebuildTransferFunctionScriptingTraits (0ms)
			SetupTypeCache (453ms)
			ReleaseScriptCaches (0ms)
			RebuildScriptCaches (137ms)
			SetupLoadedEditorAssemblies (1458ms)
				LogAssemblyErrors (0ms)
				InitializePlatformSupportModulesInManaged (38ms)
				SetLoadedEditorAssemblies (1ms)
				RefreshPlugins (345ms)
				BeforeProcessingInitializeOnLoad (5ms)
				ProcessInitializeOnLoadAttributes (844ms)
				ProcessInitializeOnLoadMethodAttributes (221ms)
				AfterProcessingInitializeOnLoad (0ms)
				EditorAssembliesLoaded (3ms)
			ExecutionOrderSort2 (0ms)
			AwakeInstancesAfterBackupRestoration (0ms)
Platform modules already initialized, skipping
Registering precompiled user dll's ...
Registered in 0.015987 seconds.
Begin MonoManager ReloadAssembly
Symbol file LoadedFromMemory doesn't match image D:\Unity\Adventure\Library\PackageCache\com.unity.visualscripting@1.7.8\Editor\VisualScripting.Core\Dependencies\YamlDotNet\Unity.VisualScripting.YamlDotNet.dll
Symbol file LoadedFromMemory doesn't match image D:\Unity\Adventure\Library\PackageCache\com.unity.visualscripting@1.7.8\Editor\VisualScripting.Core\Dependencies\DotNetZip\Unity.VisualScripting.IonicZip.dll
Native extension for WindowsStandalone target not found
Native extension for WebGL target not found
Refreshing native plugins compatible for Editor in 39.32 ms, found 3 plugins.
Preloading 0 native plugins for Editor in 0.00 ms.
Mono: successfully reloaded assembly
- Completed reload, in  4.718 seconds
Domain Reload Profiling:
	ReloadAssembly (4721ms)
		BeginReloadAssembly (432ms)
			ExecutionOrderSort (0ms)
			DisableScriptedObjects (25ms)
			BackupInstance (0ms)
			ReleaseScriptingObjects (0ms)
			CreateAndSetChildDomain (62ms)
		EndReloadAssembly (3372ms)
			LoadAssemblies (320ms)
			RebuildTransferFunctionScriptingTraits (0ms)
			SetupTypeCache (1032ms)
			ReleaseScriptCaches (1ms)
			RebuildScriptCaches (211ms)
			SetupLoadedEditorAssemblies (1648ms)
				LogAssemblyErrors (0ms)
				InitializePlatformSupportModulesInManaged (133ms)
				SetLoadedEditorAssemblies (18ms)
				RefreshPlugins (40ms)
				BeforeProcessingInitializeOnLoad (342ms)
				ProcessInitializeOnLoadAttributes (959ms)
				ProcessInitializeOnLoadMethodAttributes (134ms)
				AfterProcessingInitializeOnLoad (20ms)
				EditorAssembliesLoaded (0ms)
			ExecutionOrderSort2 (0ms)
			AwakeInstancesAfterBackupRestoration (42ms)
Platform modules already initialized, skipping
========================================================================
Worker process is ready to serve import requests
Launched and connected shader compiler UnityShaderCompiler.exe after 0.11 seconds
Refreshing native plugins compatible for Editor in 2.22 ms, found 3 plugins.
Preloading 0 native plugins for Editor in 0.00 ms.
Unloading 3464 Unused Serialized files (Serialized files now loaded: 0)
Unloading 29 unused Assets / (9.7 MB). Loaded Objects now: 3941.
Memory consumption went from 196.1 MB to 186.4 MB.
Total: 12.438900 ms (FindLiveObjects: 1.164900 ms CreateObjectMapping: 1.320900 ms MarkObjects: 8.429000 ms  DeleteObjects: 1.521200 ms)

AssetImportParameters requested are different than current active one (requested -> active):
  custom:video-decoder-ogg-theora: a1e56fd34408186e4bbccfd4996cb3dc -> 
  custom:container-muxer-webm: aa71ff27fc2769a1b78a27578f13a17b -> 
  custom:container-demuxer-webm: 4f35f7cbe854078d1ac9338744f61a02 -> 
  custom:video-encoder-webm-vp8: eb34c28f22e8b96e1ab97ce403110664 -> 
  custom:audio-encoder-webm-vorbis: bf7c407c2cedff20999df2af8eb42d56 -> 
  custom:framework-win-MediaFoundation: 216162199b28c13a410421893ffa2e32 -> 
  custom:container-demuxer-ogg: 62fdf1f143b41e24485cea50d1cbac27 -> 
  custom:video-decoder-webm-vp8: 9c59270c3fd7afecdb556c50c9e8de78 -> 
  custom:audio-decoder-ogg-vorbis: bf7c407c2cedff20999df2af8eb42d56 -> 
========================================================================
Received Import Request.
  Time since last request: 23454.877397 seconds.
  path: Assets/Polytope Studio/Lowpoly Medieval Characters/Prefabs
  artifactKey: Guid(7861de420002c8a4fbe5df2a338397db) Importer(815301076,1909f56bfc062723c751e8b465ee728b)
Start importing Assets/Polytope Studio/Lowpoly Medieval Characters/Prefabs using Guid(7861de420002c8a4fbe5df2a338397db) Importer(815301076,1909f56bfc062723c751e8b465ee728b)  -> (artifact id: '47733912c7b86bda7dfd02d14f5a5ef9') in 0.016583 seconds 
========================================================================
Received Import Request.
  Time since last request: 0.000066 seconds.
  path: Assets/Polytope Studio/Lowpoly Medieval Characters/Prefabs/Modular_Armors
  artifactKey: Guid(b847c7f1be0e4b14ba4ca17b186f85ac) Importer(815301076,1909f56bfc062723c751e8b465ee728b)
Start importing Assets/Polytope Studio/Lowpoly Medieval Characters/Prefabs/Modular_Armors using Guid(b847c7f1be0e4b14ba4ca17b186f85ac) Importer(815301076,1909f56bfc062723c751e8b465ee728b)  -> (artifact id: '3a05efe82954c63de9c52f25212a0ad0') in 0.003134 seconds 
========================================================================
Received Import Request.
  Time since last request: 0.000071 seconds.
  path: Assets/Polytope Studio/Lowpoly Medieval Characters/Animations
  artifactKey: Guid(733e960621c8f3a40874e28203579d9b) Importer(815301076,1909f56bfc062723c751e8b465ee728b)
Start importing Assets/Polytope Studio/Lowpoly Medieval Characters/Animations using Guid(733e960621c8f3a40874e28203579d9b) Importer(815301076,1909f56bfc062723c751e8b465ee728b)  -> (artifact id: '53a5af98b3ba3a87a50efb5a365bb811') in 0.003111 seconds 
========================================================================
Received Import Request.
  Time since last request: 0.000062 seconds.
  path: Assets/Polytope Studio/Lowpoly Medieval Characters/Prefabs/Modular_Armors/PT_Medieval_Male_Armor_Skeleton_01.prefab
  artifactKey: Guid(0d8b6a08991580a43aca2efb01d2dff2) Importer(815301076,1909f56bfc062723c751e8b465ee728b)
Start importing Assets/Polytope Studio/Lowpoly Medieval Characters/Prefabs/Modular_Armors/PT_Medieval_Male_Armor_Skeleton_01.prefab using Guid(0d8b6a08991580a43aca2efb01d2dff2) Importer(815301076,1909f56bfc062723c751e8b465ee728b)  -> (artifact id: '4e9100ac290430bb3fd3eeea4fe40303') in 2.495763 seconds 
========================================================================
Received Import Request.
  Time since last request: 0.000063 seconds.
  path: Assets/Polytope Studio/Lowpoly Medieval Characters/Animations/PT_Medieval_Peasant_Pose_02.fbx
  artifactKey: Guid(5b4708c92d1d63d45b292f6542faecc6) Importer(815301076,1909f56bfc062723c751e8b465ee728b)
Start importing Assets/Polytope Studio/Lowpoly Medieval Characters/Animations/PT_Medieval_Peasant_Pose_02.fbx using Guid(5b4708c92d1d63d45b292f6542faecc6) Importer(815301076,1909f56bfc062723c751e8b465ee728b)  -> (artifact id: '13e490b6b92e6f7df15873657a058a6c') in 0.921711 seconds 
========================================================================
Received Import Request.
  Time since last request: 0.000082 seconds.
  path: Assets/Polytope Studio/Lowpoly Medieval Characters
  artifactKey: Guid(7827ac9e8a6a9b24a84c9666123469f7) Importer(815301076,1909f56bfc062723c751e8b465ee728b)
Start importing Assets/Polytope Studio/Lowpoly Medieval Characters using Guid(7827ac9e8a6a9b24a84c9666123469f7) Importer(815301076,1909f56bfc062723c751e8b465ee728b)  -> (artifact id: '00d692bd9ab5d49a3afaad2a07dda2e5') in 0.003912 seconds 
========================================================================
Received Import Request.
  Time since last request: 8.013216 seconds.
  path: Assets/Kevin Iglesias/Villager Animations/Prefabs
  artifactKey: Guid(3ea8fe75d5037bd4da43d6e0f0077ca7) Importer(815301076,1909f56bfc062723c751e8b465ee728b)
Start importing Assets/Kevin Iglesias/Villager Animations/Prefabs using Guid(3ea8fe75d5037bd4da43d6e0f0077ca7) Importer(815301076,1909f56bfc062723c751e8b465ee728b)  -> (artifact id: '2f80696d9cabf43ff8b3725fcc354bb5') in 0.003194 seconds 
========================================================================
Received Import Request.
  Time since last request: 1.513954 seconds.
  path: Assets/Kevin Iglesias/Villager Animations/Prefabs/Human Villager
  artifactKey: Guid(f06d5a80279b9294885302f69b1da01f) Importer(815301076,1909f56bfc062723c751e8b465ee728b)
Start importing Assets/Kevin Iglesias/Villager Animations/Prefabs/Human Villager using Guid(f06d5a80279b9294885302f69b1da01f) Importer(815301076,1909f56bfc062723c751e8b465ee728b)  -> (artifact id: '9bfdb95105de3cd7d41a2ebe9567757a') in 0.002399 seconds 
========================================================================
Received Import Request.
  Time since last request: 0.057530 seconds.
  path: Assets/Kevin Iglesias/Villager Animations/Prefabs/Human Villager/VillagerBerryGatherer.prefab
  artifactKey: Guid(05d0ea177d971fd49bbad0bdf292aca8) Importer(815301076,1909f56bfc062723c751e8b465ee728b)
Start importing Assets/Kevin Iglesias/Villager Animations/Prefabs/Human Villager/VillagerBerryGatherer.prefab using Guid(05d0ea177d971fd49bbad0bdf292aca8) Importer(815301076,1909f56bfc062723c751e8b465ee728b)  -> (artifact id: '10625c15ee6df391bd5c451bf7392010') in 0.717300 seconds 
========================================================================
Received Import Request.
  Time since last request: 0.000062 seconds.
  path: Assets/Kevin Iglesias/Villager Animations/Prefabs/Human Villager/VillagerFisherman.prefab
  artifactKey: Guid(c86589473eb08e040b9078d832a2d4b3) Importer(815301076,1909f56bfc062723c751e8b465ee728b)
Start importing Assets/Kevin Iglesias/Villager Animations/Prefabs/Human Villager/VillagerFisherman.prefab using Guid(c86589473eb08e040b9078d832a2d4b3) Importer(815301076,1909f56bfc062723c751e8b465ee728b)  -> (artifact id: '71687d9ff19ab9604ec01a23b95b744d') in 0.070721 seconds 
========================================================================
Received Import Request.
  Time since last request: 0.000090 seconds.
  path: Assets/Kevin Iglesias/Villager Animations/Prefabs/Human Villager/VillagerMiner.prefab
  artifactKey: Guid(210ea86c955a5db419b0ad0a777d2bbe) Importer(815301076,1909f56bfc062723c751e8b465ee728b)
Start importing Assets/Kevin Iglesias/Villager Animations/Prefabs/Human Villager/VillagerMiner.prefab using Guid(210ea86c955a5db419b0ad0a777d2bbe) Importer(815301076,1909f56bfc062723c751e8b465ee728b)  -> (artifact id: '62842c4963db7e2a8578762f2a8a884f') in 0.107235 seconds 
========================================================================
Received Import Request.
  Time since last request: 0.000062 seconds.
  path: Assets/Kevin Iglesias/Villager Animations/Prefabs/Human Villager/VillagerBuilder.prefab
  artifactKey: Guid(8636a621b3ea3fb4a902553949b6adab) Importer(815301076,1909f56bfc062723c751e8b465ee728b)
Start importing Assets/Kevin Iglesias/Villager Animations/Prefabs/Human Villager/VillagerBuilder.prefab using Guid(8636a621b3ea3fb4a902553949b6adab) Importer(815301076,1909f56bfc062723c751e8b465ee728b)  -> (artifact id: '73b1a3f97143886b85b80ff23a43dba3') in 0.106926 seconds 
========================================================================
Received Import Request.
  Time since last request: 0.000065 seconds.
  path: Assets/Kevin Iglesias/Villager Animations/Prefabs/Human Villager/VillagerFarmer.prefab
  artifactKey: Guid(0577306f947ebac4486c16bda41798b1) Importer(815301076,1909f56bfc062723c751e8b465ee728b)
Start importing Assets/Kevin Iglesias/Villager Animations/Prefabs/Human Villager/VillagerFarmer.prefab using Guid(0577306f947ebac4486c16bda41798b1) Importer(815301076,1909f56bfc062723c751e8b465ee728b)  -> (artifact id: '703c0f4455ebbaf9a7e4c83fd170ae10') in 0.097842 seconds 
========================================================================
Received Import Request.
  Time since last request: 0.000080 seconds.
  path: Assets/Kevin Iglesias/Villager Animations/Prefabs/Human Villager/VillagerHuman.prefab
  artifactKey: Guid(555aa49bf42b4234ca87d96f604338bd) Importer(815301076,1909f56bfc062723c751e8b465ee728b)
Start importing Assets/Kevin Iglesias/Villager Animations/Prefabs/Human Villager/VillagerHuman.prefab using Guid(555aa49bf42b4234ca87d96f604338bd) Importer(815301076,1909f56bfc062723c751e8b465ee728b)  -> (artifact id: '018e9322ae69cd3858fae5ec3a36cb25') in 0.101198 seconds 
========================================================================
Received Import Request.
  Time since last request: 11.927142 seconds.
  path: Assets/AA_UniversalCharacter/Prefabs
  artifactKey: Guid(f331ef7ccf033bb40a6c468849bd963b) Importer(815301076,1909f56bfc062723c751e8b465ee728b)
Start importing Assets/AA_UniversalCharacter/Prefabs using Guid(f331ef7ccf033bb40a6c468849bd963b) Importer(815301076,1909f56bfc062723c751e8b465ee728b)  -> (artifact id: '30cdfe1e2fa8791d2a5bbaa0b9c860b2') in 0.002547 seconds 
========================================================================
Received Import Request.
  Time since last request: 0.040785 seconds.
  path: Assets/AA_UniversalCharacter/Prefabs/F_AA_001.prefab
  artifactKey: Guid(29855e4a0c37747448a3fe54db331aec) Importer(815301076,1909f56bfc062723c751e8b465ee728b)
Start importing Assets/AA_UniversalCharacter/Prefabs/F_AA_001.prefab using Guid(29855e4a0c37747448a3fe54db331aec) Importer(815301076,1909f56bfc062723c751e8b465ee728b)  -> (artifact id: 'd091714a278a7bacfbfccfe4536eea8f') in 0.334909 seconds 
========================================================================
Received Import Request.
  Time since last request: 0.000126 seconds.
  path: Assets/AA_UniversalCharacter/Prefabs/UniversalFemale.prefab
  artifactKey: Guid(e9696aef21cf5ba40974cce03144864e) Importer(815301076,1909f56bfc062723c751e8b465ee728b)
Start importing Assets/AA_UniversalCharacter/Prefabs/UniversalFemale.prefab using Guid(e9696aef21cf5ba40974cce03144864e) Importer(815301076,1909f56bfc062723c751e8b465ee728b)  -> (artifact id: 'ebe4b7258aac88c1d495226e5d58f6de') in 0.124125 seconds 
========================================================================
Received Import Request.
  Time since last request: 0.000074 seconds.
  path: Assets/AA_UniversalCharacter/Prefabs/M_AA_001.prefab
  artifactKey: Guid(f50a68efcef03a246b5ec7635f125d3d) Importer(815301076,1909f56bfc062723c751e8b465ee728b)
Start importing Assets/AA_UniversalCharacter/Prefabs/M_AA_001.prefab using Guid(f50a68efcef03a246b5ec7635f125d3d) Importer(815301076,1909f56bfc062723c751e8b465ee728b)  -> (artifact id: 'ce3d34601835271be400baabba3c293f') in 0.194330 seconds 
========================================================================
Received Import Request.
  Time since last request: 0.000062 seconds.
  path: Assets/AA_UniversalCharacter/Prefabs/UniversalCharacter.prefab
  artifactKey: Guid(fff6c60618b0bce458b0f63edfca1adb) Importer(815301076,1909f56bfc062723c751e8b465ee728b)
Start importing Assets/AA_UniversalCharacter/Prefabs/UniversalCharacter.prefab using Guid(fff6c60618b0bce458b0f63edfca1adb) Importer(815301076,1909f56bfc062723c751e8b465ee728b)  -> (artifact id: '7b340fbc051007cebeff93db47451430') in 0.189768 seconds 
========================================================================
Received Import Request.
  Time since last request: 0.000074 seconds.
  path: Assets/AA_UniversalCharacter/Prefabs/UniversalMale.prefab
  artifactKey: Guid(0c76e34a76c36394d97845b0df033905) Importer(815301076,1909f56bfc062723c751e8b465ee728b)
Start importing Assets/AA_UniversalCharacter/Prefabs/UniversalMale.prefab using Guid(0c76e34a76c36394d97845b0df033905) Importer(815301076,1909f56bfc062723c751e8b465ee728b)  -> (artifact id: '14653cf2d449d6c13a42a71254a62584') in 0.167142 seconds 
========================================================================
Received Import Request.
  Time since last request: 0.000065 seconds.
  path: Assets/AA_UniversalCharacter/Prefabs/M_AA_002.prefab
  artifactKey: Guid(c1a6213308e9d2a44bce4d03a2b8b6b4) Importer(815301076,1909f56bfc062723c751e8b465ee728b)
Start importing Assets/AA_UniversalCharacter/Prefabs/M_AA_002.prefab using Guid(c1a6213308e9d2a44bce4d03a2b8b6b4) Importer(815301076,1909f56bfc062723c751e8b465ee728b)  -> (artifact id: 'bc88e30f6142415f679c38522eb62df6') in 0.229220 seconds 
========================================================================
Received Import Request.
  Time since last request: 0.000081 seconds.
  path: Assets/AA_UniversalCharacter/Prefabs/F_AA_002.prefab
  artifactKey: Guid(b8b1f673afe204743824d4094dc4d7ca) Importer(815301076,1909f56bfc062723c751e8b465ee728b)
Start importing Assets/AA_UniversalCharacter/Prefabs/F_AA_002.prefab using Guid(b8b1f673afe204743824d4094dc4d7ca) Importer(815301076,1909f56bfc062723c751e8b465ee728b)  -> (artifact id: '8a5308150857503a2920f038b67dfb95') in 0.179380 seconds 
========================================================================
Received Import Request.
  Time since last request: 0.000062 seconds.
  path: Assets/AA_UniversalCharacter/Prefabs/UniversalCharacterAll.prefab
  artifactKey: Guid(2a038e4e49fd7f64aa727b5a60cfd55b) Importer(815301076,1909f56bfc062723c751e8b465ee728b)
Start importing Assets/AA_UniversalCharacter/Prefabs/UniversalCharacterAll.prefab using Guid(2a038e4e49fd7f64aa727b5a60cfd55b) Importer(815301076,1909f56bfc062723c751e8b465ee728b)  -> (artifact id: 'b166387fdc4db4aee884400f0ad4c25b') in 0.213740 seconds 
========================================================================
Received Import Request.
  Time since last request: 2.484535 seconds.
  path: Assets/AA_UniversalCharacter/Prefabs/Props
  artifactKey: Guid(52ef400af1b23e14badb0bc891194292) Importer(815301076,1909f56bfc062723c751e8b465ee728b)
Start importing Assets/AA_UniversalCharacter/Prefabs/Props using Guid(52ef400af1b23e14badb0bc891194292) Importer(815301076,1909f56bfc062723c751e8b465ee728b)  -> (artifact id: '8b5613a95f79020000cb24853443f0db') in 0.003867 seconds 
========================================================================
Received Import Request.
  Time since last request: 0.082818 seconds.
  path: Assets/AA_UniversalCharacter/Prefabs/Props/Axe_AA_001.prefab
  artifactKey: Guid(203571b4bfc0294499a992583d102120) Importer(815301076,1909f56bfc062723c751e8b465ee728b)
Start importing Assets/AA_UniversalCharacter/Prefabs/Props/Axe_AA_001.prefab using Guid(203571b4bfc0294499a992583d102120) Importer(815301076,1909f56bfc062723c751e8b465ee728b)  -> (artifact id: 'c45f6b47d5c6ab3cb358f3951c25ea30') in 0.071957 seconds 
========================================================================
Received Import Request.
  Time since last request: 0.000255 seconds.
  path: Assets/AA_UniversalCharacter/Prefabs/Props/Helmet_AA_001.prefab
  artifactKey: Guid(4c184eb917f678844a8daa9c4f755dc5) Importer(815301076,1909f56bfc062723c751e8b465ee728b)
Start importing Assets/AA_UniversalCharacter/Prefabs/Props/Helmet_AA_001.prefab using Guid(4c184eb917f678844a8daa9c4f755dc5) Importer(815301076,1909f56bfc062723c751e8b465ee728b)  -> (artifact id: 'b363bc1f8a8ceda3891823ac19b90a82') in 0.114862 seconds 
========================================================================
Received Import Request.
  Time since last request: 0.000074 seconds.
  path: Assets/AA_UniversalCharacter/Prefabs/Props/Shield_AA_001.prefab
  artifactKey: Guid(305832f64cba6bd4c8e76cbb6831b961) Importer(815301076,1909f56bfc062723c751e8b465ee728b)
Start importing Assets/AA_UniversalCharacter/Prefabs/Props/Shield_AA_001.prefab using Guid(305832f64cba6bd4c8e76cbb6831b961) Importer(815301076,1909f56bfc062723c751e8b465ee728b)  -> (artifact id: 'd5a471ef6061ff634e0a2778c0f020d3') in 0.067667 seconds 
========================================================================
Received Import Request.
  Time since last request: 18.185515 seconds.
  path: Assets/Polytope Studio/Lowpoly Medieval Characters/Animations/Animations/PT_Medieval_Pose_01.fbx
  artifactKey: Guid(fe7e68b2be2cc23428459b55fee65321) Importer(815301076,1909f56bfc062723c751e8b465ee728b)
Start importing Assets/Polytope Studio/Lowpoly Medieval Characters/Animations/Animations/PT_Medieval_Pose_01.fbx using Guid(fe7e68b2be2cc23428459b55fee65321) Importer(815301076,1909f56bfc062723c751e8b465ee728b)  -> (artifact id: '1781a25121822490df720008e49fc36f') in 0.537357 seconds 
========================================================================
Received Import Request.
  Time since last request: 0.000075 seconds.
  path: Assets/AA_UniversalCharacter/Meshes/UniversalCharacter.fbx
  artifactKey: Guid(6aa8f6756ec685443847b09fc4fc149c) Importer(815301076,1909f56bfc062723c751e8b465ee728b)
Start importing Assets/AA_UniversalCharacter/Meshes/UniversalCharacter.fbx using Guid(6aa8f6756ec685443847b09fc4fc149c) Importer(815301076,1909f56bfc062723c751e8b465ee728b)  -> (artifact id: '826d0955072dbac81c448fd9aab6ecca') in 2.473558 seconds 
========================================================================
Received Import Request.
  Time since last request: 0.000076 seconds.
  path: Assets/Polytope Studio/Lowpoly Medieval Characters/Sources/Modular_NPC/Meshes/Peasants_Citizens/Separate_Parts/PT_Medieval_Female_Peasant_01_lower_skirt.fbx
  artifactKey: Guid(9af1fba4850bd304fbe322a1760d4895) Importer(815301076,1909f56bfc062723c751e8b465ee728b)
Start importing Assets/Polytope Studio/Lowpoly Medieval Characters/Sources/Modular_NPC/Meshes/Peasants_Citizens/Separate_Parts/PT_Medieval_Female_Peasant_01_lower_skirt.fbx using Guid(9af1fba4850bd304fbe322a1760d4895) Importer(815301076,1909f56bfc062723c751e8b465ee728b)  -> (artifact id: '792a5433a26be8abe2333efb35a24c3e') in 2.654085 seconds 
========================================================================
Received Import Request.
  Time since last request: 0.000063 seconds.
  path: Assets/Polytope Studio/Lowpoly Medieval Props/Sources/Meshes/PT_Medieval_Hayfork_01.fbx
  artifactKey: Guid(1f1057125ac58d748adcb53aa602b3ed) Importer(815301076,1909f56bfc062723c751e8b465ee728b)
Start importing Assets/Polytope Studio/Lowpoly Medieval Props/Sources/Meshes/PT_Medieval_Hayfork_01.fbx using Guid(1f1057125ac58d748adcb53aa602b3ed) Importer(815301076,1909f56bfc062723c751e8b465ee728b)  -> (artifact id: '925e9b7475e5dbefc9c67b40338336f1') in 0.178968 seconds 
========================================================================
Received Import Request.
  Time since last request: 0.000267 seconds.
  path: Assets/Polytope Studio/Lowpoly Medieval Characters/Sources/Modular_NPC/Meshes/Peasants_Citizens/Sets/PT_Medieval_Male_Naked.fbx
  artifactKey: Guid(f22ca7aa3c421b84cba54416cd99ab4a) Importer(815301076,1909f56bfc062723c751e8b465ee728b)
Start importing Assets/Polytope Studio/Lowpoly Medieval Characters/Sources/Modular_NPC/Meshes/Peasants_Citizens/Sets/PT_Medieval_Male_Naked.fbx using Guid(f22ca7aa3c421b84cba54416cd99ab4a) Importer(815301076,1909f56bfc062723c751e8b465ee728b)  -> (artifact id: '9665aff50686eac140cad3116afeac33') in 0.475457 seconds 
========================================================================
Received Import Request.
  Time since last request: 0.000063 seconds.
  path: Assets/Polytope Studio/Lowpoly Medieval Characters/Sources/Modular_NPC/Meshes/Peasants_Citizens/Separate_Parts/PT_Medieval_Boy_Naked_upper.fbx
  artifactKey: Guid(5af53600822926c40901ea742bae35de) Importer(815301076,1909f56bfc062723c751e8b465ee728b)
Start importing Assets/Polytope Studio/Lowpoly Medieval Characters/Sources/Modular_NPC/Meshes/Peasants_Citizens/Separate_Parts/PT_Medieval_Boy_Naked_upper.fbx using Guid(5af53600822926c40901ea742bae35de) Importer(815301076,1909f56bfc062723c751e8b465ee728b)  -> (artifact id: '0367a268d8dbdf648b7c0230e227d3a0') in 0.213237 seconds 
========================================================================
Received Import Request.
  Time since last request: 0.000106 seconds.
  path: Assets/TurnTheGameOn/Arrow WayPointer/DemoContent/CharacterController/Ethan/Animations/HumanoidStandTurn.fbx
  artifactKey: Guid(6fb3851da6a6f5948ab6892bee8ba920) Importer(815301076,1909f56bfc062723c751e8b465ee728b)
Start importing Assets/TurnTheGameOn/Arrow WayPointer/DemoContent/CharacterController/Ethan/Animations/HumanoidStandTurn.fbx using Guid(6fb3851da6a6f5948ab6892bee8ba920) Importer(815301076,1909f56bfc062723c751e8b465ee728b)  -> (artifact id: 'd447dab897592dc73b1ab8ec7535c3df') in 0.421263 seconds 
========================================================================
Received Import Request.
  Time since last request: 0.000064 seconds.
  path: Assets/Polytope Studio/Lowpoly Medieval Characters/Sources/Modular_NPC/Meshes/Peasants_Citizens/Sets/PT_Medieval_Boy_Naked.fbx
  artifactKey: Guid(a8b6f66d755a15d4c9acc29c661c800a) Importer(815301076,1909f56bfc062723c751e8b465ee728b)
Start importing Assets/Polytope Studio/Lowpoly Medieval Characters/Sources/Modular_NPC/Meshes/Peasants_Citizens/Sets/PT_Medieval_Boy_Naked.fbx using Guid(a8b6f66d755a15d4c9acc29c661c800a) Importer(815301076,1909f56bfc062723c751e8b465ee728b)  -> (artifact id: 'c731705e12ef9bf8b42b95d97fbf7d15') in 0.384844 seconds 
========================================================================
Received Import Request.
  Time since last request: 0.000154 seconds.
  path: Assets/TurnTheGameOn/Arrow WayPointer/DemoContent/CharacterController/Ethan/Animations/HumanoidJumpAndFall.fbx
  artifactKey: Guid(51dd2e4c869794f75a0df7d54b210214) Importer(815301076,1909f56bfc062723c751e8b465ee728b)
Start importing Assets/TurnTheGameOn/Arrow WayPointer/DemoContent/CharacterController/Ethan/Animations/HumanoidJumpAndFall.fbx using Guid(51dd2e4c869794f75a0df7d54b210214) Importer(815301076,1909f56bfc062723c751e8b465ee728b)  -> (artifact id: '1d31588584e2b0873e79c7a8d6ea4a97') in 0.122646 seconds 
========================================================================
Received Import Request.
  Time since last request: 0.000071 seconds.
  path: Assets/Polytope Studio/Lowpoly Medieval Environments/Sources/Meshes/PT_Medieval_Rock_4.fbx
  artifactKey: Guid(a915e414ebfaeab4eaf18334efde6333) Importer(815301076,1909f56bfc062723c751e8b465ee728b)
Start importing Assets/Polytope Studio/Lowpoly Medieval Environments/Sources/Meshes/PT_Medieval_Rock_4.fbx using Guid(a915e414ebfaeab4eaf18334efde6333) Importer(815301076,1909f56bfc062723c751e8b465ee728b)  -> (artifact id: 'd62859715c1030eea4d6ca61fff152c3') in 0.174950 seconds 
========================================================================
Received Import Request.
  Time since last request: 0.000080 seconds.
  path: Assets/Polytope Studio/Lowpoly Medieval Characters/Sources/Modular_NPC/Meshes/Peasants_Citizens/Separate_Parts/PT_Medieval_Male_Naked_head.fbx
  artifactKey: Guid(2cc27a300ef307d49a14a40b9c29a6d5) Importer(815301076,1909f56bfc062723c751e8b465ee728b)
Start importing Assets/Polytope Studio/Lowpoly Medieval Characters/Sources/Modular_NPC/Meshes/Peasants_Citizens/Separate_Parts/PT_Medieval_Male_Naked_head.fbx using Guid(2cc27a300ef307d49a14a40b9c29a6d5) Importer(815301076,1909f56bfc062723c751e8b465ee728b)  -> (artifact id: 'd118fa3a03c9b710e2901360222ad3fd') in 0.214308 seconds 
========================================================================
Received Import Request.
  Time since last request: 0.000089 seconds.
  path: Assets/Polytope Studio/Lowpoly Medieval Characters/Sources/Modular_NPC/Meshes/Peasants_Citizens/Separate_Parts/PT_Medieval_Female_Naked_lower_pants.fbx
  artifactKey: Guid(a012d1261816f0b4892535cf9f80aa9e) Importer(815301076,1909f56bfc062723c751e8b465ee728b)
Start importing Assets/Polytope Studio/Lowpoly Medieval Characters/Sources/Modular_NPC/Meshes/Peasants_Citizens/Separate_Parts/PT_Medieval_Female_Naked_lower_pants.fbx using Guid(a012d1261816f0b4892535cf9f80aa9e) Importer(815301076,1909f56bfc062723c751e8b465ee728b)  -> (artifact id: '50497c7a6bea80256ec46ecd3885a245') in 0.222197 seconds 
========================================================================
Received Import Request.
  Time since last request: 0.000089 seconds.
  path: Assets/Polytope Studio/Lowpoly Medieval Characters/Sources/Modular_NPC/Meshes/Peasants_Citizens/Separate_Parts/PT_Medieval_Male_Naked_upper.fbx
  artifactKey: Guid(01e77ca6477a45e448f1e8ef9907ad0c) Importer(815301076,1909f56bfc062723c751e8b465ee728b)
Start importing Assets/Polytope Studio/Lowpoly Medieval Characters/Sources/Modular_NPC/Meshes/Peasants_Citizens/Separate_Parts/PT_Medieval_Male_Naked_upper.fbx using Guid(01e77ca6477a45e448f1e8ef9907ad0c) Importer(815301076,1909f56bfc062723c751e8b465ee728b)  -> (artifact id: '60979f5d764ae40ed622c34b474739ed') in 0.213119 seconds 
========================================================================
Received Import Request.
  Time since last request: 0.000080 seconds.
  path: Assets/TurnTheGameOn/Arrow WayPointer/DemoContent/CharacterController/Ethan/Animations/HumanoidWalk.fbx
  artifactKey: Guid(b1a5e04ae51004842aba06704a6c2903) Importer(815301076,1909f56bfc062723c751e8b465ee728b)
Start importing Assets/TurnTheGameOn/Arrow WayPointer/DemoContent/CharacterController/Ethan/Animations/HumanoidWalk.fbx using Guid(b1a5e04ae51004842aba06704a6c2903) Importer(815301076,1909f56bfc062723c751e8b465ee728b)  -> (artifact id: '4db48927a300e8ca6f74b3850a35704c') in 0.173797 seconds 
========================================================================
Received Import Request.
  Time since last request: 0.000107 seconds.
  path: Assets/TurnTheGameOn/Arrow WayPointer/DemoContent/CharacterController/Ethan/Animations/HumanoidRunTurnSharp.fbx
  artifactKey: Guid(f2bed5dc5afacff44a00de8daae9703b) Importer(815301076,1909f56bfc062723c751e8b465ee728b)
Start importing Assets/TurnTheGameOn/Arrow WayPointer/DemoContent/CharacterController/Ethan/Animations/HumanoidRunTurnSharp.fbx using Guid(f2bed5dc5afacff44a00de8daae9703b) Importer(815301076,1909f56bfc062723c751e8b465ee728b)  -> (artifact id: 'fda9a823560495f719bb40d989651655') in 0.027681 seconds 
========================================================================
Received Import Request.
  Time since last request: 0.000057 seconds.
  path: Assets/Polytope Studio/Lowpoly Medieval Characters/Sources/Modular_NPC/Meshes/Peasants_Citizens/Sets/PT_Medieval_Female_Peasant_01_b.fbx
  artifactKey: Guid(7341932378ffac54c870d31e6c0b7f75) Importer(815301076,1909f56bfc062723c751e8b465ee728b)
Start importing Assets/Polytope Studio/Lowpoly Medieval Characters/Sources/Modular_NPC/Meshes/Peasants_Citizens/Sets/PT_Medieval_Female_Peasant_01_b.fbx using Guid(7341932378ffac54c870d31e6c0b7f75) Importer(815301076,1909f56bfc062723c751e8b465ee728b)  -> (artifact id: '92349eae528d3d7c07ed9c2302065b97') in 0.437115 seconds 
========================================================================
Received Import Request.
  Time since last request: 0.000063 seconds.
  path: Assets/Polytope Studio/Lowpoly Medieval Characters/Sources/Modular_NPC/Meshes/Peasants_Citizens/Sets/PT_Medieval_Male_Peasant_01.fbx
  artifactKey: Guid(f293cd003cf71d6409af1c1025485f47) Importer(815301076,1909f56bfc062723c751e8b465ee728b)
Start importing Assets/Polytope Studio/Lowpoly Medieval Characters/Sources/Modular_NPC/Meshes/Peasants_Citizens/Sets/PT_Medieval_Male_Peasant_01.fbx using Guid(f293cd003cf71d6409af1c1025485f47) Importer(815301076,1909f56bfc062723c751e8b465ee728b)  -> (artifact id: 'd54e6d87612e79c13a0868e053335afc') in 0.444863 seconds 
========================================================================
Received Import Request.
  Time since last request: 0.000080 seconds.
  path: Assets/Polytope Studio/Lowpoly Medieval Environments/Sources/Meshes/PT_Medieval_Rock_6.fbx
  artifactKey: Guid(ff775ad6de0408246a14b407044826f6) Importer(815301076,1909f56bfc062723c751e8b465ee728b)
Start importing Assets/Polytope Studio/Lowpoly Medieval Environments/Sources/Meshes/PT_Medieval_Rock_6.fbx using Guid(ff775ad6de0408246a14b407044826f6) Importer(815301076,1909f56bfc062723c751e8b465ee728b)  -> (artifact id: 'c1ba95f022ee99884bdfeb8a96cb0ef0') in 0.152503 seconds 
========================================================================
Received Import Request.
  Time since last request: 0.000103 seconds.
  path: Assets/Polytope Studio/Lowpoly Medieval Environments/Sources/Meshes/PT_Medieval_Tree_1.fbx
  artifactKey: Guid(fab0918501d63734e9a19b64c51761ac) Importer(815301076,1909f56bfc062723c751e8b465ee728b)
Start importing Assets/Polytope Studio/Lowpoly Medieval Environments/Sources/Meshes/PT_Medieval_Tree_1.fbx using Guid(fab0918501d63734e9a19b64c51761ac) Importer(815301076,1909f56bfc062723c751e8b465ee728b)  -> (artifact id: 'fccd93ff91c0eb36ffe0f8ce3d4991ee') in 0.312694 seconds 
========================================================================
Received Import Request.
  Time since last request: 0.000640 seconds.
  path: Assets/Polytope Studio/Lowpoly Medieval Characters/Sources/Modular_NPC/Meshes/Separate_Parts/PT_Medieval_Male_Armor_Skeleton_01_gauntlets.fbx
  artifactKey: Guid(ee5a70625f739574b85c8936696a7d91) Importer(815301076,1909f56bfc062723c751e8b465ee728b)
Start importing Assets/Polytope Studio/Lowpoly Medieval Characters/Sources/Modular_NPC/Meshes/Separate_Parts/PT_Medieval_Male_Armor_Skeleton_01_gauntlets.fbx using Guid(ee5a70625f739574b85c8936696a7d91) Importer(815301076,1909f56bfc062723c751e8b465ee728b)  -> (artifact id: 'e1f58f36c81befd1aaf389ed176c150e') in 0.775771 seconds 
========================================================================
Received Import Request.
  Time since last request: 0.000071 seconds.
  path: Assets/Polytope Studio/Lowpoly Medieval Characters/Sources/Modular_NPC/Meshes/Separate_Parts/PT_Medieval_Male_Armor_Skeleton_01_legs.fbx
  artifactKey: Guid(538241090784a344b8e9d6b36aff6083) Importer(815301076,1909f56bfc062723c751e8b465ee728b)
Start importing Assets/Polytope Studio/Lowpoly Medieval Characters/Sources/Modular_NPC/Meshes/Separate_Parts/PT_Medieval_Male_Armor_Skeleton_01_legs.fbx using Guid(538241090784a344b8e9d6b36aff6083) Importer(815301076,1909f56bfc062723c751e8b465ee728b)  -> (artifact id: '2dd8a0e109c97c72397f7c293538f476') in 0.514587 seconds 
========================================================================
Received Import Request.
  Time since last request: 0.000093 seconds.
  path: Assets/Polytope Studio/Lowpoly Medieval Characters/Sources/Modular_NPC/Meshes/Separate_Parts/PT_Medieval_Male_Armor_Skeleton_01_body.fbx
  artifactKey: Guid(6edf5e7fbd918d0428f06afd9e8a1716) Importer(815301076,1909f56bfc062723c751e8b465ee728b)
Start importing Assets/Polytope Studio/Lowpoly Medieval Characters/Sources/Modular_NPC/Meshes/Separate_Parts/PT_Medieval_Male_Armor_Skeleton_01_body.fbx using Guid(6edf5e7fbd918d0428f06afd9e8a1716) Importer(815301076,1909f56bfc062723c751e8b465ee728b)  -> (artifact id: '86dd3362fe518f32992f014ca5053f27') in 0.224959 seconds 
========================================================================
Received Import Request.
  Time since last request: 0.000069 seconds.
  path: Assets/TurnTheGameOn/Arrow WayPointer/DemoContent/CharacterController/Ethan/Animations/HumanoidRun.fbx
  artifactKey: Guid(1cb8ed3cbba15f0479fbae54e0a963df) Importer(815301076,1909f56bfc062723c751e8b465ee728b)
Start importing Assets/TurnTheGameOn/Arrow WayPointer/DemoContent/CharacterController/Ethan/Animations/HumanoidRun.fbx using Guid(1cb8ed3cbba15f0479fbae54e0a963df) Importer(815301076,1909f56bfc062723c751e8b465ee728b)  -> (artifact id: '3f4e670d0fba0f81b1f6526c2b269a90') in 0.050860 seconds 
========================================================================
Received Import Request.
  Time since last request: 0.000077 seconds.
  path: Assets/Polytope Studio/Lowpoly Medieval Characters/Sources/Modular_NPC/Meshes/Peasants_Citizens/Separate_Parts/PT_Medieval_Male_Peasant_01_upper.fbx
  artifactKey: Guid(c52f84b945748bc439ecf9b2154d75da) Importer(815301076,1909f56bfc062723c751e8b465ee728b)
Start importing Assets/Polytope Studio/Lowpoly Medieval Characters/Sources/Modular_NPC/Meshes/Peasants_Citizens/Separate_Parts/PT_Medieval_Male_Peasant_01_upper.fbx using Guid(c52f84b945748bc439ecf9b2154d75da) Importer(815301076,1909f56bfc062723c751e8b465ee728b)  -> (artifact id: '0c1c9a1dad6baa792f26dc3f80a826cc') in 0.502741 seconds 
========================================================================
Received Import Request.
  Time since last request: 0.000761 seconds.
  path: Assets/Polytope Studio/Lowpoly Medieval Characters/Sources/Modular_NPC/Meshes/Peasants_Citizens/Separate_Parts/PT_Medieval_Boy_Peasant_01_upper.fbx
  artifactKey: Guid(77bd195541420f24c810ff79241ac781) Importer(815301076,1909f56bfc062723c751e8b465ee728b)
Start importing Assets/Polytope Studio/Lowpoly Medieval Characters/Sources/Modular_NPC/Meshes/Peasants_Citizens/Separate_Parts/PT_Medieval_Boy_Peasant_01_upper.fbx using Guid(77bd195541420f24c810ff79241ac781) Importer(815301076,1909f56bfc062723c751e8b465ee728b)  -> (artifact id: 'acd563e01b78454798d2a8d83da42d03') in 2.439049 seconds 
========================================================================
Received Prepare
Registering precompiled user dll's ...
Registered in 0.069617 seconds.
Begin MonoManager ReloadAssembly
Symbol file LoadedFromMemory doesn't match image D:\Unity\Adventure\Library\PackageCache\com.unity.visualscripting@1.7.8\Editor\VisualScripting.Core\Dependencies\YamlDotNet\Unity.VisualScripting.YamlDotNet.dll
Symbol file LoadedFromMemory doesn't match image D:\Unity\Adventure\Library\PackageCache\com.unity.visualscripting@1.7.8\Editor\VisualScripting.Core\Dependencies\DotNetZip\Unity.VisualScripting.IonicZip.dll
Native extension for WindowsStandalone target not found
Native extension for WebGL target not found
Refreshing native plugins compatible for Editor in 77.57 ms, found 3 plugins.
Preloading 0 native plugins for Editor in 0.00 ms.
Mono: successfully reloaded assembly
- Completed reload, in 17.359 seconds
Domain Reload Profiling:
	ReloadAssembly (17362ms)
		BeginReloadAssembly (1685ms)
			ExecutionOrderSort (0ms)
			DisableScriptedObjects (56ms)
			BackupInstance (0ms)
			ReleaseScriptingObjects (0ms)
			CreateAndSetChildDomain (475ms)
		EndReloadAssembly (14499ms)
			LoadAssemblies (1037ms)
			RebuildTransferFunctionScriptingTraits (0ms)
			SetupTypeCache (3562ms)
			ReleaseScriptCaches (3ms)
			RebuildScriptCaches (370ms)
			SetupLoadedEditorAssemblies (9062ms)
				LogAssemblyErrors (0ms)
				InitializePlatformSupportModulesInManaged (172ms)
				SetLoadedEditorAssemblies (3ms)
				RefreshPlugins (78ms)
				BeforeProcessingInitializeOnLoad (1262ms)
				ProcessInitializeOnLoadAttributes (4168ms)
				ProcessInitializeOnLoadMethodAttributes (3353ms)
				AfterProcessingInitializeOnLoad (25ms)
				EditorAssembliesLoaded (1ms)
			ExecutionOrderSort2 (0ms)
			AwakeInstancesAfterBackupRestoration (174ms)
Platform modules already initialized, skipping
Refreshing native plugins compatible for Editor in 13.47 ms, found 3 plugins.
Preloading 0 native plugins for Editor in 0.00 ms.
Unloading 3430 Unused Serialized files (Serialized files now loaded: 0)
Unloading 22 unused Assets / (9.7 MB). Loaded Objects now: 3987.
Memory consumption went from 198.6 MB to 188.9 MB.
Total: 18.145800 ms (FindLiveObjects: 1.015700 ms CreateObjectMapping: 3.065600 ms MarkObjects: 12.809300 ms  DeleteObjects: 1.250400 ms)

AssetImportParameters requested are different than current active one (requested -> active):
  custom:video-decoder-ogg-theora: a1e56fd34408186e4bbccfd4996cb3dc -> 
  custom:container-muxer-webm: aa71ff27fc2769a1b78a27578f13a17b -> 
  custom:container-demuxer-webm: 4f35f7cbe854078d1ac9338744f61a02 -> 
  custom:video-encoder-webm-vp8: eb34c28f22e8b96e1ab97ce403110664 -> 
  custom:audio-encoder-webm-vorbis: bf7c407c2cedff20999df2af8eb42d56 -> 
  custom:framework-win-MediaFoundation: 216162199b28c13a410421893ffa2e32 -> 
  custom:container-demuxer-ogg: 62fdf1f143b41e24485cea50d1cbac27 -> 
  custom:video-decoder-webm-vp8: 9c59270c3fd7afecdb556c50c9e8de78 -> 
  custom:audio-decoder-ogg-vorbis: bf7c407c2cedff20999df2af8eb42d56 -> 
========================================================================
Received Import Request.
  Time since last request: 511.404068 seconds.
  path: Assets/AA_UniversalCharacter/Prefabs/New Animator Controller.controller
  artifactKey: Guid(801cab943e04ba344a1d9ce87f590e48) Importer(815301076,1909f56bfc062723c751e8b465ee728b)
Start importing Assets/AA_UniversalCharacter/Prefabs/New Animator Controller.controller using Guid(801cab943e04ba344a1d9ce87f590e48) Importer(815301076,1909f56bfc062723c751e8b465ee728b)  -> (artifact id: 'ea253bafeb3ee4bf9b009dd3416fba6e') in 0.075681 seconds 
========================================================================
Received Import Request.
  Time since last request: 28.691933 seconds.
  path: Assets/AA_UniversalCharacter/Prefabs/MoveAnimation.anim
  artifactKey: Guid(a325d10e03708a44f8bf20fbaca8962f) Importer(815301076,1909f56bfc062723c751e8b465ee728b)
Start importing Assets/AA_UniversalCharacter/Prefabs/MoveAnimation.anim using Guid(a325d10e03708a44f8bf20fbaca8962f) Importer(815301076,1909f56bfc062723c751e8b465ee728b)  -> (artifact id: '62ce0721285f853a67819f7f41c48144') in 0.023997 seconds 
========================================================================
Received Import Request.
  Time since last request: 35.057895 seconds.
  path: Assets/EverydayMotionPackFree/Motion/05_Act/@female_act_sit_on_chair.FBX
  artifactKey: Guid(67d813243269a1c469915f8fbea4cf20) Importer(815301076,1909f56bfc062723c751e8b465ee728b)
Start importing Assets/EverydayMotionPackFree/Motion/05_Act/@female_act_sit_on_chair.FBX using Guid(67d813243269a1c469915f8fbea4cf20) Importer(815301076,1909f56bfc062723c751e8b465ee728b)  -> (artifact id: 'aa880e095b509a5b52f5c6eedec9e907') in 0.089258 seconds 
========================================================================
Received Import Request.
  Time since last request: 0.000113 seconds.
  path: Assets/EverydayMotionPackFree/Motion/05_Act/@female_act_standup_chair.FBX
  artifactKey: Guid(37fc41a29618f0b428b7d84e9871df1c) Importer(815301076,1909f56bfc062723c751e8b465ee728b)
Start importing Assets/EverydayMotionPackFree/Motion/05_Act/@female_act_standup_chair.FBX using Guid(37fc41a29618f0b428b7d84e9871df1c) Importer(815301076,1909f56bfc062723c751e8b465ee728b)  -> (artifact id: '10d30b5e6db12de63728ae3fe85c68aa') in 0.021813 seconds 
========================================================================
Received Import Request.
  Time since last request: 0.188951 seconds.
  path: Assets/EverydayMotionPackFree/Motion/03_Emotion/@female_emotion_laugh_on_chair.FBX
  artifactKey: Guid(0bd1f62ab1699a1469551c1ae0dd4ee5) Importer(815301076,1909f56bfc062723c751e8b465ee728b)
Start importing Assets/EverydayMotionPackFree/Motion/03_Emotion/@female_emotion_laugh_on_chair.FBX using Guid(0bd1f62ab1699a1469551c1ae0dd4ee5) Importer(815301076,1909f56bfc062723c751e8b465ee728b)  -> (artifact id: '4fd89652fa4963751b0e4356ceef64f2') in 0.041712 seconds 
========================================================================
Received Import Request.
  Time since last request: 0.000071 seconds.
  path: Assets/EverydayMotionPackFree/Motion/02_Move/@female_move_run_sprint.FBX
  artifactKey: Guid(22d5cc376c23ef8489c12fe11e20ea12) Importer(815301076,1909f56bfc062723c751e8b465ee728b)
Start importing Assets/EverydayMotionPackFree/Motion/02_Move/@female_move_run_sprint.FBX using Guid(22d5cc376c23ef8489c12fe11e20ea12) Importer(815301076,1909f56bfc062723c751e8b465ee728b)  -> (artifact id: 'b453632e67d8dc69d73ed437b81ee64d') in 0.022172 seconds 
========================================================================
Received Import Request.
  Time since last request: 0.000084 seconds.
  path: Assets/EverydayMotionPackFree/Motion/05_Act/@male_act_standup_chair.FBX
  artifactKey: Guid(70ed7022d26bbc845ac0aef1283128c2) Importer(815301076,1909f56bfc062723c751e8b465ee728b)
Start importing Assets/EverydayMotionPackFree/Motion/05_Act/@male_act_standup_chair.FBX using Guid(70ed7022d26bbc845ac0aef1283128c2) Importer(815301076,1909f56bfc062723c751e8b465ee728b)  -> (artifact id: 'ceaef65b88b23e73277c282a78c93ee7') in 0.128989 seconds 
========================================================================
Received Import Request.
  Time since last request: 0.000708 seconds.
  path: Assets/EverydayMotionPackFree/Motion/01_Idle/@female_idle_pant.FBX
  artifactKey: Guid(c666c31b935567e40b01f9a889acf7fe) Importer(815301076,1909f56bfc062723c751e8b465ee728b)
Start importing Assets/EverydayMotionPackFree/Motion/01_Idle/@female_idle_pant.FBX using Guid(c666c31b935567e40b01f9a889acf7fe) Importer(815301076,1909f56bfc062723c751e8b465ee728b)  -> (artifact id: 'd7fa34da0fb505d66a52981e17c7f376') in 0.040367 seconds 
========================================================================
Received Import Request.
  Time since last request: 0.000088 seconds.
  path: Assets/EverydayMotionPackFree/Motion/03_Emotion/@male_emotion_laugh_on_chair.FBX
  artifactKey: Guid(9bed16f5753391f498f7ff2bf4e76992) Importer(815301076,1909f56bfc062723c751e8b465ee728b)
Start importing Assets/EverydayMotionPackFree/Motion/03_Emotion/@male_emotion_laugh_on_chair.FBX using Guid(9bed16f5753391f498f7ff2bf4e76992) Importer(815301076,1909f56bfc062723c751e8b465ee728b)  -> (artifact id: '3c19670dd4d4c8c5605b41f62e82b958') in 0.060519 seconds 
========================================================================
Received Import Request.
  Time since last request: 0.000086 seconds.
  path: Assets/EverydayMotionPackFree/Motion/04_Interaction/@female_talk_sit.FBX
  artifactKey: Guid(678073c5e1a9174478434ef0d9e866cf) Importer(815301076,1909f56bfc062723c751e8b465ee728b)
Start importing Assets/EverydayMotionPackFree/Motion/04_Interaction/@female_talk_sit.FBX using Guid(678073c5e1a9174478434ef0d9e866cf) Importer(815301076,1909f56bfc062723c751e8b465ee728b)  -> (artifact id: '7a6f70dd34109f2ad5954a3183d8ccbd') in 0.069720 seconds 
========================================================================
Received Import Request.
  Time since last request: 0.000058 seconds.
  path: Assets/EverydayMotionPackFree/Motion/04_Interaction/@female_handshake.FBX
  artifactKey: Guid(893a2b4246ea89841b9254f3240a932c) Importer(815301076,1909f56bfc062723c751e8b465ee728b)
Start importing Assets/EverydayMotionPackFree/Motion/04_Interaction/@female_handshake.FBX using Guid(893a2b4246ea89841b9254f3240a932c) Importer(815301076,1909f56bfc062723c751e8b465ee728b)  -> (artifact id: '73847084d2eb12aafcfb352e8e34aaf9') in 0.058990 seconds 
========================================================================
Received Import Request.
  Time since last request: 0.000064 seconds.
  path: Assets/EverydayMotionPackFree/Motion/04_Interaction/@male_handshake.FBX
  artifactKey: Guid(0ec27603504523240905a35178a920b9) Importer(815301076,1909f56bfc062723c751e8b465ee728b)
Start importing Assets/EverydayMotionPackFree/Motion/04_Interaction/@male_handshake.FBX using Guid(0ec27603504523240905a35178a920b9) Importer(815301076,1909f56bfc062723c751e8b465ee728b)  -> (artifact id: '17a0e3fcbd687ce04f171ea3d32363d4') in 0.053946 seconds 
========================================================================
Received Import Request.
  Time since last request: 0.000122 seconds.
  path: Assets/EverydayMotionPackFree/Motion/01_Idle/@male_idle_pant.FBX
  artifactKey: Guid(2f6b2f462e084ff499862ef621e9eded) Importer(815301076,1909f56bfc062723c751e8b465ee728b)
Start importing Assets/EverydayMotionPackFree/Motion/01_Idle/@male_idle_pant.FBX using Guid(2f6b2f462e084ff499862ef621e9eded) Importer(815301076,1909f56bfc062723c751e8b465ee728b)  -> (artifact id: 'f95c414e70a1a30ae5e418ffcdebd9c2') in 0.047829 seconds 
========================================================================
Received Import Request.
  Time since last request: 0.005401 seconds.
  path: Assets/EverydayMotionPackFree/Motion/02_Move/@male_move_run_sprint.FBX
  artifactKey: Guid(2de49ee9386c7b247b265e8e54659d8b) Importer(815301076,1909f56bfc062723c751e8b465ee728b)
Start importing Assets/EverydayMotionPackFree/Motion/02_Move/@male_move_run_sprint.FBX using Guid(2de49ee9386c7b247b265e8e54659d8b) Importer(815301076,1909f56bfc062723c751e8b465ee728b)  -> (artifact id: 'be0baf057600985468f5a7b138448a2d') in 0.079300 seconds 
========================================================================
Received Import Request.
  Time since last request: 0.000061 seconds.
  path: Assets/EverydayMotionPackFree/Motion/05_Act/@male_act_sit_on_chair.FBX
  artifactKey: Guid(cd0db4d58249e5843b678a49de53c94a) Importer(815301076,1909f56bfc062723c751e8b465ee728b)
Start importing Assets/EverydayMotionPackFree/Motion/05_Act/@male_act_sit_on_chair.FBX using Guid(cd0db4d58249e5843b678a49de53c94a) Importer(815301076,1909f56bfc062723c751e8b465ee728b)  -> (artifact id: '51567f2c5607a58ae44e58b1c32ed8b9') in 0.058244 seconds 
========================================================================
Received Import Request.
  Time since last request: 0.000063 seconds.
  path: Assets/EverydayMotionPackFree/Motion/04_Interaction/@male_talk_sit.FBX
  artifactKey: Guid(eb8c3bd21c706464abf2adda21f43ad6) Importer(815301076,1909f56bfc062723c751e8b465ee728b)
Start importing Assets/EverydayMotionPackFree/Motion/04_Interaction/@male_talk_sit.FBX using Guid(eb8c3bd21c706464abf2adda21f43ad6) Importer(815301076,1909f56bfc062723c751e8b465ee728b)  -> (artifact id: '0146d2d490b15229442be555f579ee9e') in 0.028023 seconds 
========================================================================
Received Import Request.
  Time since last request: 160.455723 seconds.
  path: ProjectSettings/TagManager.asset
  artifactKey: Guid(00000000000000003000000000000000) Importer(815301076,1909f56bfc062723c751e8b465ee728b)
Start importing ProjectSettings/TagManager.asset using Guid(00000000000000003000000000000000) Importer(815301076,1909f56bfc062723c751e8b465ee728b)  -> (artifact id: 'cf41f273dc19f55c4cb369b2d5301eca') in 0.079864 seconds 
========================================================================
Received Import Request.
  Time since last request: 289.102924 seconds.
  path: Assets/TurnTheGameOn/Arrow WayPointer/DemoContent/CharacterController/Ethan/Animations/HumanoidCrouch.fbx
  artifactKey: Guid(d89ea37480b6d75458aa38843e9688dc) Importer(815301076,1909f56bfc062723c751e8b465ee728b)
Start importing Assets/TurnTheGameOn/Arrow WayPointer/DemoContent/CharacterController/Ethan/Animations/HumanoidCrouch.fbx using Guid(d89ea37480b6d75458aa38843e9688dc) Importer(815301076,1909f56bfc062723c751e8b465ee728b)  -> (artifact id: 'e46c0aedb01b1b583999f42f14280651') in 0.042358 seconds 
